<?xml version="1.0" encoding="UTF-8"?>
<!-- Generated by org.testng.reporters.JUnitXMLReporter -->
<testsuite ignored="1" hostname="TANMOY_DATTA" failures="0" tests="1" name="Default test" time="6.424" errors="0" timestamp="2023-02-27T01:28:28 BDT">
  <testcase classname="handle_web_element.JsInAutomatation" name="testWait" time="6.35"/>
  <testcase classname="handle_web_element.JsInAutomatation" name="ScrollUsingJs" time="0.0">
    <ignored/>
  </testcase> <!-- ScrollUsingJs -->
</testsuite> <!-- Default test -->
