<?xml version="1.0" encoding="UTF-8"?>
<testng-results ignored="1" total="2" passed="1" failed="0" skipped="0">
  <reporter-output>
  </reporter-output>
  <suite started-at="2023-02-27T01:28:21 BDT" name="Default suite" finished-at="2023-02-27T01:28:28 BDT" duration-ms="6424">
    <groups>
    </groups>
    <test started-at="2023-02-27T01:28:21 BDT" name="Default test" finished-at="2023-02-27T01:28:28 BDT" duration-ms="6424">
      <class name="handle_web_element.JsInAutomatation">
        <test-method is-config="true" signature="setDriver()[pri:0, instance:handle_web_element.JsInAutomatation@6fdbe764]" started-at="2023-02-27T01:28:17 BDT" name="setDriver" finished-at="2023-02-27T01:28:21 BDT" duration-ms="3976" status="PASS">
          <reporter-output>
          </reporter-output>
        </test-method> <!-- setDriver -->
        <test-method signature="testWait()[pri:0, instance:handle_web_element.JsInAutomatation@6fdbe764]" started-at="2023-02-27T01:28:21 BDT" name="testWait" finished-at="2023-02-27T01:28:28 BDT" duration-ms="6350" status="PASS">
          <reporter-output>
          </reporter-output>
        </test-method> <!-- testWait -->
        <test-method is-config="true" signature="quitDriver()[pri:0, instance:handle_web_element.JsInAutomatation@6fdbe764]" started-at="2023-02-27T01:28:28 BDT" name="quitDriver" finished-at="2023-02-27T01:28:28 BDT" duration-ms="708" status="PASS">
          <reporter-output>
          </reporter-output>
        </test-method> <!-- quitDriver -->
      </class> <!-- handle_web_element.JsInAutomatation -->
    </test> <!-- Default test -->
  </suite> <!-- Default suite -->
</testng-results>
